2025-03-04 02:43:04 - INFO - === Starting new scraping session ===
2025-03-04 02:43:04 - INFO - Scraping URL: https://datos.produccion.gob.ar/dataset/sepa-precios
2025-03-04 02:43:04 - INFO - Attempting connection to https://datos.produccion.gob.ar/dataset/sepa-precios
2025-03-04 02:43:07 - INFO - Successfully connected to source
2025-03-04 02:43:07 - INFO - Starting HTML parsing
2025-03-04 02:43:07 - DEBUG - HTML Content: <!DOCTYPE html>
<!--[if IE 7]> <html lang="es" class="ie ie7"> <![endif]-->
<!--[if IE 8]> <html lang="es" class="ie ie8"> <![endif]-->
<!--[if IE 9]> <html lang="es" class="ie9"> <![endif]-->
<!--[if gt IE 8]><!-->
<html lang="es">
 <!--<![endif]-->
 <head>
  <!--[if lte ie 8]><script type="text/javascript" src="/fanstatic/vendor/:version:2019-12-02T16:58:12/html5.min.js"></script><![endif]-->
  <link href="/fanstatic/vendor/:version:2019-12-02T16:58:12/select2/select2.css" rel="stylesheet" typ
2025-03-04 02:43:07 - INFO - Found 9 package containers
2025-03-04 02:43:07 - INFO - 'description' content: Precios SEPA Minoristas viernes, 2025-02-28
2025-03-04 02:43:07 - INFO - Searching for packages matching date: 2025-03-04
2025-03-04 02:43:07 - INFO - 'description' content: Precios SEPA Minoristas jueves, 2025-02-27
2025-03-04 02:43:07 - INFO - Searching for packages matching date: 2025-03-04
2025-03-04 02:43:07 - INFO - 'description' content: Precios SEPA Minoristas miercoles, 2025-02-26
2025-03-04 02:43:07 - INFO - Searching for packages matching date: 2025-03-04
2025-03-04 02:43:07 - INFO - 'description' content: Precios SEPA Minoristas martes, 2025-02-25
2025-03-04 02:43:07 - INFO - Searching for packages matching date: 2025-03-04
2025-03-04 02:43:07 - INFO - 'description' content: Precios SEPA Minoristas lunes, 2025-03-03
2025-03-04 02:43:07 - INFO - Searching for packages matching date: 2025-03-04
2025-03-04 02:43:07 - INFO - 'description' content: Precios SEPA Minoristas domingo, 2025-03-02
2025-03-04 02:43:07 - INFO - Searching for packages matching date: 2025-03-04
2025-03-04 02:43:07 - INFO - 'description' content: Precios SEPA Minoristas sabado, 2025-03-01
2025-03-04 02:43:07 - INFO - Searching for packages matching date: 2025-03-04
2025-03-04 02:43:07 - INFO - 'description' content: Excel para decodificar el nombre de la provincia a partir de su código.
2025-03-04 02:43:07 - INFO - Searching for packages matching date: 2025-03-04
2025-03-04 02:43:07 - INFO - 'description' content: Contiene un detalle de lo que se debería cargar en cada campo y metadata. El documento es el Anexo II de la Res. N° 678/2020 modificatoria de...
2025-03-04 02:43:07 - INFO - Searching for packages matching date: 2025-03-04
2025-03-04 02:43:07 - INFO - No download link found for today's date
2025-03-04 02:43:07 - INFO - === Scraping session finished ===
